<?xml version="1.0" encoding="UTF-8"?>
<!-- Generated by org.testng.reporters.JUnitReportReporter -->
<testsuite hostname="DESKTOP-SDTTHCU" failures="0" tests="7" name="CucumberOptions.TestRunner" time="46.860" errors="0" timestamp="2021-02-25T21:08:46 IST" skipped="0">
  <testcase classname="CucumberOptions.TestRunner" name="runScenario" time="0.301"/>
  <system-out/>
  <testcase classname="CucumberOptions.TestRunner" name="runScenario" time="21.433"/>
  <system-out/>
  <testcase classname="CucumberOptions.TestRunner" name="runScenario" time="24.636"/>
  <system-out/>
  <testcase classname="CucumberOptions.TestRunner" name="runScenario" time="0.011"/>
  <system-out/>
  <testcase classname="CucumberOptions.TestRunner" name="runScenario" time="0.031"/>
  <system-out/>
  <testcase classname="CucumberOptions.TestRunner" name="runScenario" time="0.448"/>
  <system-out/>
  <testcase classname="CucumberOptions.TestRunner" name="runScenario" time="0.000"/>
  <system-out/>
</testsuite> <!-- CucumberOptions.TestRunner -->
